Using pre-set license
Built from '6000.0/staging' branch; Version is '6000.0.36f1 (9fe3b5f71dbb) revision 10478517'; Using compiler version '193933523'; Build Type 'Release'
OS: 'Windows 10  (10.0.19045) 64bit Core' Language: 'en' Physical Memory: 16310 MB
BatchMode: 1, IsHumanControllingUs: 0, StartBugReporterOnCrash: 0, Is64bit: 1, IsPro: 1

COMMAND LINE ARGUMENTS:
D:\Unity Version\6000.0.36f1\Editor\Unity.exe
-adb2
-batchMode
-noUpm
-name
AssetImportWorker0
-projectPath
D:/Unity/ProjectNear/ProjectNear/My project
-logFile
Logs/AssetImportWorker0.log
-srvPort
52009
-job-worker-count
5
-background-job-worker-count
8
-gc-helper-count
1
Successfully changed project path to: D:/Unity/ProjectNear/ProjectNear/My project
D:/Unity/ProjectNear/ProjectNear/My project
[UnityMemory] Configuration Parameters - Can be set up in boot.config
    "memorysetup-bucket-allocator-granularity=16"
    "memorysetup-bucket-allocator-bucket-count=8"
    "memorysetup-bucket-allocator-block-size=33554432"
    "memorysetup-bucket-allocator-block-count=8"
    "memorysetup-main-allocator-block-size=16777216"
    "memorysetup-thread-allocator-block-size=16777216"
    "memorysetup-gfx-main-allocator-block-size=16777216"
    "memorysetup-gfx-thread-allocator-block-size=16777216"
    "memorysetup-cache-allocator-block-size=4194304"
    "memorysetup-typetree-allocator-block-size=2097152"
    "memorysetup-profiler-bucket-allocator-granularity=16"
    "memorysetup-profiler-bucket-allocator-bucket-count=8"
    "memorysetup-profiler-bucket-allocator-block-size=33554432"
    "memorysetup-profiler-bucket-allocator-block-count=8"
    "memorysetup-profiler-allocator-block-size=16777216"
    "memorysetup-profiler-editor-allocator-block-size=1048576"
    "memorysetup-temp-allocator-size-main=16777216"
    "memorysetup-job-temp-allocator-block-size=2097152"
    "memorysetup-job-temp-allocator-block-size-background=1048576"
    "memorysetup-job-temp-allocator-reduction-small-platforms=262144"
    "memorysetup-allocator-temp-initial-block-size-main=262144"
    "memorysetup-allocator-temp-initial-block-size-worker=262144"
    "memorysetup-temp-allocator-size-background-worker=32768"
    "memorysetup-temp-allocator-size-job-worker=262144"
    "memorysetup-temp-allocator-size-preload-manager=33554432"
    "memorysetup-temp-allocator-size-nav-mesh-worker=65536"
    "memorysetup-temp-allocator-size-audio-worker=65536"
    "memorysetup-temp-allocator-size-cloud-worker=32768"
    "memorysetup-temp-allocator-size-gi-baking-worker=262144"
    "memorysetup-temp-allocator-size-gi-baking-worker=262144"
    "memorysetup-temp-allocator-size-gi-baking-worker=262144"
    "memorysetup-temp-allocator-size-gi-baking-worker=262144"
    "memorysetup-temp-allocator-size-gi-baking-worker=262144"
    "memorysetup-temp-allocator-size-gfx=262144"
Player connection [12056]  Target information:

Player connection [12056]  * "[IP] 171.1.26.12 [Port] 0 [Flags] 2 [Guid] 3667794903 [EditorId] 3667794903 [Version] 1048832 [Id] WindowsEditor(7,DESKTOP-GISFS93) [Debug] 1 [PackageName] WindowsEditor [ProjectName] Editor" 

Player connection [12056] Host joined multi-casting on [225.0.0.222:54997]...
Player connection [12056] Host joined alternative multi-casting on [225.0.0.222:34997]...
JobSystem: Creating JobQueue using job-worker-count value 5
Input System module state changed to: Initialized.
[Physics::Module] Initialized fallback backend.
[Physics::Module] Id: 0xdecafbad
Library Redirect Path: Library/
[Physics::Module] Selected backend.
[Physics::Module] Name: PhysX
[Physics::Module] Id: 0xf2b8ea05
[Physics::Module] SDK Version: 4.1.2
[Physics::Module] Integration Version: 1.0.0
[Physics::Module] Threading Mode: Multi-Threaded
Refreshing native plugins compatible for Editor in 1.75 ms, found 3 plugins.
Preloading 0 native plugins for Editor in 0.00 ms.
Initialize engine version: 6000.0.36f1 (9fe3b5f71dbb)
[Subsystems] Discovering subsystems at path D:/Unity Version/6000.0.36f1/Editor/Data/Resources/UnitySubsystems
[Subsystems] Discovering subsystems at path D:/Unity/ProjectNear/ProjectNear/My project/Assets
GfxDevice: creating device client; kGfxThreadingModeNonThreaded
Direct3D:
    Version:  Direct3D 11.0 [level 11.1]
    Renderer: NVIDIA GeForce RTX 3060 (ID=0x2504)
    Vendor:   NVIDIA
    VRAM:     12115 MB
    Driver:   32.0.15.6636
Initialize mono
Mono path[0] = 'D:/Unity Version/6000.0.36f1/Editor/Data/Managed'
Mono path[1] = 'D:/Unity Version/6000.0.36f1/Editor/Data/MonoBleedingEdge/lib/mono/unityjit-win32'
Mono config path = 'D:/Unity Version/6000.0.36f1/Editor/Data/MonoBleedingEdge/etc'
Using monoOptions --debugger-agent=transport=dt_socket,embedding=1,server=y,suspend=n,address=127.0.0.1:56928
Begin MonoManager ReloadAssembly
Registering precompiled unity dll's ...
Register platform support module: D:/Unity Version/6000.0.36f1/Editor/Data/PlaybackEngines/WindowsStandaloneSupport/UnityEditor.WindowsStandalone.Extensions.dll
Registered in 0.002625 seconds.
- Loaded All Assemblies, in  0.456 seconds
Native extension for WindowsStandalone target not found
Mono: successfully reloaded assembly
- Finished resetting the current domain, in  0.395 seconds
Domain Reload Profiling: 851ms
	BeginReloadAssembly (152ms)
		ExecutionOrderSort (0ms)
		DisableScriptedObjects (0ms)
		BackupInstance (0ms)
		ReleaseScriptingObjects (0ms)
		CreateAndSetChildDomain (1ms)
	RebuildCommonClasses (44ms)
	RebuildNativeTypeToScriptingClass (16ms)
	initialDomainReloadingComplete (52ms)
	LoadAllAssembliesAndSetupDomain (190ms)
		LoadAssemblies (151ms)
		RebuildTransferFunctionScriptingTraits (0ms)
		AnalyzeDomain (187ms)
			TypeCache.Refresh (186ms)
				TypeCache.ScanAssembly (170ms)
			BuildScriptInfoCaches (0ms)
			ResolveRequiredComponents (1ms)
	FinalizeReload (396ms)
		ReleaseScriptCaches (0ms)
		RebuildScriptCaches (0ms)
		SetupLoadedEditorAssemblies (348ms)
			LogAssemblyErrors (0ms)
			InitializePlatformSupportModulesInManaged (35ms)
			SetLoadedEditorAssemblies (5ms)
			BeforeProcessingInitializeOnLoad (66ms)
			ProcessInitializeOnLoadAttributes (179ms)
			ProcessInitializeOnLoadMethodAttributes (62ms)
			AfterProcessingInitializeOnLoad (0ms)
			EditorAssembliesLoaded (0ms)
		ExecutionOrderSort2 (0ms)
		AwakeInstancesAfterBackupRestoration (0ms)
Assembly reference Packages/com.unity.cinemachine/Editor/Samples/ExposeHDRPInternals/HDRP-Editor-ref.asmref has no target assembly definition
========================================================================
Worker process is ready to serve import requests
Import Worker Mode flag is 0x00
Assembly reference Packages/com.unity.cinemachine/Editor/Samples/ExposeHDRPInternals/HDRP-Editor-ref.asmref has no target assembly definition
Assembly reference Packages/com.unity.cinemachine/Editor/Samples/ExposeHDRPInternals/HDRP-Editor-ref.asmref has no target assembly definition
Begin MonoManager ReloadAssembly
- Loaded All Assemblies, in  0.769 seconds
Assembly reference Packages/com.unity.cinemachine/Editor/Samples/ExposeHDRPInternals/HDRP-Editor-ref.asmref has no target assembly definition
'Packages/com.unity.cinemachine/Editor/Obsolete/CinemachineVirtualCameraBaseEditor.cs' contains partial class of Unity.Object, exactly 1 of the partial classes needs to be in a file with the same filename. This is to know the one that can be referenced from ie. GameObjects
'Packages/com.unity.cinemachine/Editor/Editors/CinemachineVirtualCameraBaseEditor.cs' contains partial class of Unity.Object, exactly 1 of the partial classes needs to be in a file with the same filename. This is to know the one that can be referenced from ie. GameObjects
Refreshing native plugins compatible for Editor in 0.88 ms, found 3 plugins.
Native extension for WindowsStandalone target not found
Assembly reference Packages/com.unity.cinemachine/Editor/Samples/ExposeHDRPInternals/HDRP-Editor-ref.asmref has no target assembly definition
Package Manager log level set to [2]
[Package Manager] Failed to launch server process. Reason: Unity was launched with the -noUpm command-line argument
[Package Manager] Unable to send message (not connected to server process).
[Package Manager] Cannot connect to Unity Package Manager local server
Mono: successfully reloaded assembly
- Finished resetting the current domain, in  0.627 seconds
Domain Reload Profiling: 1395ms
	BeginReloadAssembly (201ms)
		ExecutionOrderSort (0ms)
		DisableScriptedObjects (7ms)
		BackupInstance (0ms)
		ReleaseScriptingObjects (0ms)
		CreateAndSetChildDomain (33ms)
	RebuildCommonClasses (42ms)
	RebuildNativeTypeToScriptingClass (15ms)
	initialDomainReloadingComplete (37ms)
	LoadAllAssembliesAndSetupDomain (473ms)
		LoadAssemblies (358ms)
		RebuildTransferFunctionScriptingTraits (0ms)
		AnalyzeDomain (234ms)
			TypeCache.Refresh (184ms)
				TypeCache.ScanAssembly (169ms)
			BuildScriptInfoCaches (38ms)
			ResolveRequiredComponents (10ms)
	FinalizeReload (627ms)
		ReleaseScriptCaches (0ms)
		RebuildScriptCaches (0ms)
		SetupLoadedEditorAssemblies (512ms)
			LogAssemblyErrors (0ms)
			InitializePlatformSupportModulesInManaged (2ms)
			SetLoadedEditorAssemblies (3ms)
			BeforeProcessingInitializeOnLoad (81ms)
			ProcessInitializeOnLoadAttributes (400ms)
			ProcessInitializeOnLoadMethodAttributes (25ms)
			AfterProcessingInitializeOnLoad (2ms)
			EditorAssembliesLoaded (0ms)
		ExecutionOrderSort2 (0ms)
		AwakeInstancesAfterBackupRestoration (5ms)
Launched and connected shader compiler UnityShaderCompiler.exe after 0.01 seconds
Refreshing native plugins compatible for Editor in 0.89 ms, found 3 plugins.
Preloading 0 native plugins for Editor in 0.00 ms.
Unloading 24 Unused Serialized files (Serialized files now loaded: 0)
Unloading 4265 unused Assets / (1.2 MB). Loaded Objects now: 4769.
Memory consumption went from 90.9 MB to 89.7 MB.
Total: 6.621300 ms (FindLiveObjects: 0.592500 ms CreateObjectMapping: 0.204900 ms MarkObjects: 4.613600 ms  DeleteObjects: 1.209000 ms)

========================================================================
Received Import Request.
  Time since last request: 2874.684259 seconds.
  path: Assets/Assets/Building
  artifactKey: Guid(3db671e02ce818f4b8ac2eb73b27127a) Importer(815301076,1909f56bfc062723c751e8b465ee728b)
Start importing Assets/Assets/Building using Guid(3db671e02ce818f4b8ac2eb73b27127a) Importer(815301076,1909f56bfc062723c751e8b465ee728b) (PreviewImporter) -> (artifact id: 'a521bb6fe65e121e48a30e4ca0921801') in 0.0058314 seconds
Number of updated asset objects reloaded before import = 0Number of asset objects unloaded after import = 0

========================================================================
Received Prepare
'Packages/com.unity.cinemachine/Editor/Obsolete/CinemachineVirtualCameraBaseEditor.cs' contains partial class of Unity.Object, exactly 1 of the partial classes needs to be in a file with the same filename. This is to know the one that can be referenced from ie. GameObjects
'Packages/com.unity.cinemachine/Editor/Editors/CinemachineVirtualCameraBaseEditor.cs' contains partial class of Unity.Object, exactly 1 of the partial classes needs to be in a file with the same filename. This is to know the one that can be referenced from ie. GameObjects
Refreshing native plugins compatible for Editor in 142.43 ms, found 3 plugins.
Preloading 0 native plugins for Editor in 0.00 ms.
Unloading 36 Unused Serialized files (Serialized files now loaded: 0)
Unloading 4369 unused Assets / (7.6 MB). Loaded Objects now: 4853.
Memory consumption went from 99.8 MB to 92.1 MB.
Total: 10.936800 ms (FindLiveObjects: 0.524900 ms CreateObjectMapping: 0.201400 ms MarkObjects: 5.048200 ms  DeleteObjects: 5.161000 ms)

Prepare: number of updated asset objects reloaded= 0
========================================================================
Received Import Request.
  Time since last request: 558.654278 seconds.
  path: Assets/TextMesh Pro
  artifactKey: Guid(f54d1bd14bd3ca042bd867b519fee8cc) Importer(815301076,1909f56bfc062723c751e8b465ee728b)
Start importing Assets/TextMesh Pro using Guid(f54d1bd14bd3ca042bd867b519fee8cc) Importer(815301076,1909f56bfc062723c751e8b465ee728b) (PreviewImporter) -> (artifact id: '441aa3e92cda27c68af8a1706ee847ab') in 0.0013185 seconds
Number of updated asset objects reloaded before import = 0Number of asset objects unloaded after import = 0

========================================================================
Received Import Request.
  Time since last request: 1.893650 seconds.
  path: Assets/TextMesh Pro/Examples & Extras
  artifactKey: Guid(ce51c8e33b734b4db6086586558c53a3) Importer(815301076,1909f56bfc062723c751e8b465ee728b)
Start importing Assets/TextMesh Pro/Examples & Extras using Guid(ce51c8e33b734b4db6086586558c53a3) Importer(815301076,1909f56bfc062723c751e8b465ee728b) (PreviewImporter) -> (artifact id: '5efb54efc3d7c5ac6ae76d22062dc016') in 0.000485 seconds
Number of updated asset objects reloaded before import = 0Number of asset objects unloaded after import = 0

========================================================================
Received Import Request.
  Time since last request: 0.972580 seconds.
  path: Assets/TextMesh Pro/Examples & Extras/Fonts
  artifactKey: Guid(b63e0053080646b9819789bf3bf9fa17) Importer(815301076,1909f56bfc062723c751e8b465ee728b)
Start importing Assets/TextMesh Pro/Examples & Extras/Fonts using Guid(b63e0053080646b9819789bf3bf9fa17) Importer(815301076,1909f56bfc062723c751e8b465ee728b) (PreviewImporter) -> (artifact id: 'fd81ce87efcfddea13f7a752160236fb') in 0.0005088 seconds
Number of updated asset objects reloaded before import = 0Number of asset objects unloaded after import = 0

========================================================================
Received Import Request.
  Time since last request: 0.285820 seconds.
  path: Assets/TextMesh Pro/Examples & Extras/Fonts/Anton.ttf
  artifactKey: Guid(997a43b767814dd0a7642ec9b78cba41) Importer(815301076,1909f56bfc062723c751e8b465ee728b)
Start importing Assets/TextMesh Pro/Examples & Extras/Fonts/Anton.ttf using Guid(997a43b767814dd0a7642ec9b78cba41) Importer(815301076,1909f56bfc062723c751e8b465ee728b) (PreviewImporter) -> (artifact id: 'c6e67dd709e57798128d3ede60818a90') in 1.4072319 seconds
Number of updated asset objects reloaded before import = 0Number of asset objects unloaded after import = 4

========================================================================
Received Import Request.
  Time since last request: 0.000021 seconds.
  path: Assets/TextMesh Pro/Examples & Extras/Fonts/Unity.ttf
  artifactKey: Guid(f4eec857a4fdf2f43be0e9f3d1a984e7) Importer(815301076,1909f56bfc062723c751e8b465ee728b)
Start importing Assets/TextMesh Pro/Examples & Extras/Fonts/Unity.ttf using Guid(f4eec857a4fdf2f43be0e9f3d1a984e7) Importer(815301076,1909f56bfc062723c751e8b465ee728b) (PreviewImporter) -> (artifact id: '8bb5425b20e626a68b3297f62767fa05') in 0.0113398 seconds
Number of updated asset objects reloaded before import = 0Number of asset objects unloaded after import = 4

========================================================================
Received Import Request.
  Time since last request: 0.000090 seconds.
  path: Assets/TextMesh Pro/Examples & Extras/Fonts/Electronic Highway Sign.TTF
  artifactKey: Guid(8a2b9e2a607dd2143b58c44bc32410b4) Importer(815301076,1909f56bfc062723c751e8b465ee728b)
Start importing Assets/TextMesh Pro/Examples & Extras/Fonts/Electronic Highway Sign.TTF using Guid(8a2b9e2a607dd2143b58c44bc32410b4) Importer(815301076,1909f56bfc062723c751e8b465ee728b) (PreviewImporter) -> (artifact id: '0719112ce0a7919ea277d7a987f39ef1') in 0.0098294 seconds
Number of updated asset objects reloaded before import = 0Number of asset objects unloaded after import = 4

========================================================================
Received Import Request.
  Time since last request: 2.117704 seconds.
  path: Assets/Sun_Temple
  artifactKey: Guid(203a97b7f09da0048b9c0568631d5825) Importer(815301076,1909f56bfc062723c751e8b465ee728b)
Start importing Assets/Sun_Temple using Guid(203a97b7f09da0048b9c0568631d5825) Importer(815301076,1909f56bfc062723c751e8b465ee728b) (PreviewImporter) -> (artifact id: '5f4efb346dd03388cd9d8442b7821c86') in 0.000636 seconds
Number of updated asset objects reloaded before import = 0Number of asset objects unloaded after import = 0

========================================================================
Received Import Request.
  Time since last request: 3.304076 seconds.
  path: Assets/_TerrainAutoUpgrade
  artifactKey: Guid(094a92c37ca059744a5b1b41cfeb1220) Importer(815301076,1909f56bfc062723c751e8b465ee728b)
Start importing Assets/_TerrainAutoUpgrade using Guid(094a92c37ca059744a5b1b41cfeb1220) Importer(815301076,1909f56bfc062723c751e8b465ee728b) (PreviewImporter) -> (artifact id: 'e39a74b21221791d46a93b11767d119a') in 0.0004539 seconds
Number of updated asset objects reloaded before import = 0Number of asset objects unloaded after import = 0

========================================================================
Received Import Request.
  Time since last request: 0.095984 seconds.
  path: Assets/_TerrainAutoUpgrade/layer_ground_redclay_Aground_redclay_N2023054508611406.terrainlayer
  artifactKey: Guid(abce8e9a6e42d8343bab56551485def5) Importer(815301076,1909f56bfc062723c751e8b465ee728b)
Start importing Assets/_TerrainAutoUpgrade/layer_ground_redclay_Aground_redclay_N2023054508611406.terrainlayer using Guid(abce8e9a6e42d8343bab56551485def5) Importer(815301076,1909f56bfc062723c751e8b465ee728b) (PreviewImporter) -> (artifact id: '8991c84eb18489a8b9bf0c828433779f') in 0.095585 seconds
Number of updated asset objects reloaded before import = 0Number of asset objects unloaded after import = 4

========================================================================
Received Import Request.
  Time since last request: 0.000017 seconds.
  path: Assets/_TerrainAutoUpgrade/layer_pavementB_tiling_ApavementB_tiling_N300dce66a5689c80.terrainlayer
  artifactKey: Guid(efd840505fae2584487d9d24a63d5fd7) Importer(815301076,1909f56bfc062723c751e8b465ee728b)
Start importing Assets/_TerrainAutoUpgrade/layer_pavementB_tiling_ApavementB_tiling_N300dce66a5689c80.terrainlayer using Guid(efd840505fae2584487d9d24a63d5fd7) Importer(815301076,1909f56bfc062723c751e8b465ee728b) (PreviewImporter) -> (artifact id: '78e1f590841d6c28ff597ec41d41f2d4') in 0.0196322 seconds
Number of updated asset objects reloaded before import = 0Number of asset objects unloaded after import = 4

========================================================================
Received Import Request.
  Time since last request: 3.834676 seconds.
  path: Assets/Sun_Temple/Prefabs
  artifactKey: Guid(275bcc874e02523499b7af75d6a1784e) Importer(815301076,1909f56bfc062723c751e8b465ee728b)
Start importing Assets/Sun_Temple/Prefabs using Guid(275bcc874e02523499b7af75d6a1784e) Importer(815301076,1909f56bfc062723c751e8b465ee728b) (PreviewImporter) -> (artifact id: 'eb74ef1fa8b45d2a97336b7a586ed060') in 0.0007036 seconds
Number of updated asset objects reloaded before import = 0Number of asset objects unloaded after import = 0

========================================================================
Received Import Request.
  Time since last request: 0.602355 seconds.
  path: Assets/Sun_Temple/Scenes
  artifactKey: Guid(c973ee7d1be8d1e44a839b65579201c1) Importer(815301076,1909f56bfc062723c751e8b465ee728b)
Start importing Assets/Sun_Temple/Scenes using Guid(c973ee7d1be8d1e44a839b65579201c1) Importer(815301076,1909f56bfc062723c751e8b465ee728b) (PreviewImporter) -> (artifact id: 'aa2681cbc56e8de5325fc33cc116cf7f') in 0.0004328 seconds
Number of updated asset objects reloaded before import = 0Number of asset objects unloaded after import = 0

========================================================================
Received Import Request.
  Time since last request: 0.068914 seconds.
  path: Assets/Sun_Temple/Scenes/DemoScene_PostProcessProfile.asset
  artifactKey: Guid(78254f968cc460e408f81c76abc84db0) Importer(815301076,1909f56bfc062723c751e8b465ee728b)
Start importing Assets/Sun_Temple/Scenes/DemoScene_PostProcessProfile.asset using Guid(78254f968cc460e408f81c76abc84db0) Importer(815301076,1909f56bfc062723c751e8b465ee728b) (PreviewImporter) -> (artifact id: 'bd2413791f4dfe2362cefdea19e6807b') in 0.0012125 seconds
Number of updated asset objects reloaded before import = 0Number of asset objects unloaded after import = 1

========================================================================
Received Import Request.
  Time since last request: 0.016061 seconds.
  path: Assets/Sun_Temple/Scenes/DemoScene_Terrain.asset
  artifactKey: Guid(f823c19a6b6522e419f1a976d5be48e3) Importer(815301076,1909f56bfc062723c751e8b465ee728b)
Start importing Assets/Sun_Temple/Scenes/DemoScene_Terrain.asset using Guid(f823c19a6b6522e419f1a976d5be48e3) Importer(815301076,1909f56bfc062723c751e8b465ee728b) (PreviewImporter) -> (artifact id: '098b54f48bec6b6e25380b6c0a2206d9') in 0.759013 seconds
Number of updated asset objects reloaded before import = 0Number of asset objects unloaded after import = 42

========================================================================
Received Import Request.
  Time since last request: 3.951350 seconds.
  path: Assets/Sun_Temple/Scenes/DemoScene.unity
  artifactKey: Guid(d8f213b28287d8b4dab42cf4a34f94e5) Importer(815301076,1909f56bfc062723c751e8b465ee728b)
Start importing Assets/Sun_Temple/Scenes/DemoScene.unity using Guid(d8f213b28287d8b4dab42cf4a34f94e5) Importer(815301076,1909f56bfc062723c751e8b465ee728b) (PreviewImporter) -> (artifact id: '46adc22b58ee951b3383fb1a01668f9d') in 0.0005668 seconds
Number of updated asset objects reloaded before import = 0Number of asset objects unloaded after import = 0

========================================================================
Received Prepare
'Packages/com.unity.cinemachine/Editor/Obsolete/CinemachineVirtualCameraBaseEditor.cs' contains partial class of Unity.Object, exactly 1 of the partial classes needs to be in a file with the same filename. This is to know the one that can be referenced from ie. GameObjects
'Packages/com.unity.cinemachine/Editor/Editors/CinemachineVirtualCameraBaseEditor.cs' contains partial class of Unity.Object, exactly 1 of the partial classes needs to be in a file with the same filename. This is to know the one that can be referenced from ie. GameObjects
Refreshing native plugins compatible for Editor in 1.03 ms, found 3 plugins.
Preloading 0 native plugins for Editor in 0.00 ms.
Unloading 10 Unused Serialized files (Serialized files now loaded: 0)
Unloading 4266 unused Assets / (5.0 MB). Loaded Objects now: 4826.
Memory consumption went from 97.5 MB to 92.5 MB.
Total: 11.475200 ms (FindLiveObjects: 0.765400 ms CreateObjectMapping: 0.330500 ms MarkObjects: 6.668200 ms  DeleteObjects: 3.709200 ms)

Prepare: number of updated asset objects reloaded= 0
========================================================================
Received Prepare
Assembly reference Packages/com.unity.cinemachine/Editor/Samples/ExposeHDRPInternals/HDRP-Editor-ref.asmref has no target assembly definition
Assembly reference Packages/com.unity.cinemachine/Editor/Samples/ExposeHDRPInternals/HDRP-Editor-ref.asmref has no target assembly definition
Begin MonoManager ReloadAssembly
- Loaded All Assemblies, in  0.822 seconds
Assembly reference Packages/com.unity.cinemachine/Editor/Samples/ExposeHDRPInternals/HDRP-Editor-ref.asmref has no target assembly definition
'Packages/com.unity.cinemachine/Editor/Obsolete/CinemachineVirtualCameraBaseEditor.cs' contains partial class of Unity.Object, exactly 1 of the partial classes needs to be in a file with the same filename. This is to know the one that can be referenced from ie. GameObjects
'Packages/com.unity.cinemachine/Editor/Editors/CinemachineVirtualCameraBaseEditor.cs' contains partial class of Unity.Object, exactly 1 of the partial classes needs to be in a file with the same filename. This is to know the one that can be referenced from ie. GameObjects
Refreshing native plugins compatible for Editor in 1.29 ms, found 3 plugins.
Native extension for WindowsStandalone target not found
Assembly reference Packages/com.unity.cinemachine/Editor/Samples/ExposeHDRPInternals/HDRP-Editor-ref.asmref has no target assembly definition
[Package Manager] Failed to launch server process. Reason: Unity was launched with the -noUpm command-line argument
[Package Manager] Unable to send message (not connected to server process).
[Package Manager] Cannot connect to Unity Package Manager local server
Mono: successfully reloaded assembly
- Finished resetting the current domain, in  0.845 seconds
Domain Reload Profiling: 1668ms
	BeginReloadAssembly (251ms)
		ExecutionOrderSort (0ms)
		DisableScriptedObjects (7ms)
		BackupInstance (0ms)
		ReleaseScriptingObjects (0ms)
		CreateAndSetChildDomain (69ms)
	RebuildCommonClasses (56ms)
	RebuildNativeTypeToScriptingClass (15ms)
	initialDomainReloadingComplete (28ms)
	LoadAllAssembliesAndSetupDomain (473ms)
		LoadAssemblies (398ms)
		RebuildTransferFunctionScriptingTraits (0ms)
		AnalyzeDomain (204ms)
			TypeCache.Refresh (9ms)
				TypeCache.ScanAssembly (0ms)
			BuildScriptInfoCaches (184ms)
			ResolveRequiredComponents (8ms)
	FinalizeReload (845ms)
		ReleaseScriptCaches (0ms)
		RebuildScriptCaches (0ms)
		SetupLoadedEditorAssemblies (708ms)
			LogAssemblyErrors (0ms)
			InitializePlatformSupportModulesInManaged (3ms)
			SetLoadedEditorAssemblies (3ms)
			BeforeProcessingInitializeOnLoad (129ms)
			ProcessInitializeOnLoadAttributes (542ms)
			ProcessInitializeOnLoadMethodAttributes (28ms)
			AfterProcessingInitializeOnLoad (3ms)
			EditorAssembliesLoaded (0ms)
		ExecutionOrderSort2 (0ms)
		AwakeInstancesAfterBackupRestoration (6ms)
Refreshing native plugins compatible for Editor in 0.90 ms, found 3 plugins.
Preloading 0 native plugins for Editor in 0.00 ms.
Unloading 10 Unused Serialized files (Serialized files now loaded: 0)
Unloading 4271 unused Assets / (4.7 MB). Loaded Objects now: 4826.
Memory consumption went from 98.2 MB to 93.5 MB.
Total: 8.090400 ms (FindLiveObjects: 0.557900 ms CreateObjectMapping: 0.224900 ms MarkObjects: 4.073900 ms  DeleteObjects: 3.232700 ms)

Prepare: number of updated asset objects reloaded= 0
========================================================================
Received Import Request.
  Time since last request: 112.768303 seconds.
  path: Assets/Sun_Temple/Content/Meshes/Main/Bgr_Cliff_A_Simplified.fbx
  artifactKey: Guid(4023018410e020043aed418407dd34b5) Importer(815301076,1909f56bfc062723c751e8b465ee728b)
Start importing Assets/Sun_Temple/Content/Meshes/Main/Bgr_Cliff_A_Simplified.fbx using Guid(4023018410e020043aed418407dd34b5) Importer(815301076,1909f56bfc062723c751e8b465ee728b) (PreviewImporter) -> (artifact id: '18adfe01145028800e5a5a58986b9102') in 0.3853061 seconds
Number of updated asset objects reloaded before import = 0Number of asset objects unloaded after import = 8

========================================================================
Received Import Request.
  Time since last request: 0.000036 seconds.
  path: Assets/Sun_Temple/Content/Meshes/Main/Bld_Common_Window_D_Hollow.fbx
  artifactKey: Guid(4353d6d749e40574994e3160d62713fc) Importer(815301076,1909f56bfc062723c751e8b465ee728b)
Start importing Assets/Sun_Temple/Content/Meshes/Main/Bld_Common_Window_D_Hollow.fbx using Guid(4353d6d749e40574994e3160d62713fc) Importer(815301076,1909f56bfc062723c751e8b465ee728b) (PreviewImporter) -> (artifact id: 'b4160b2f12f4e36f0ba10d802603e550') in 0.380249 seconds
Number of updated asset objects reloaded before import = 0Number of asset objects unloaded after import = 12

========================================================================
Received Import Request.
  Time since last request: 0.000039 seconds.
  path: Assets/Sun_Temple/Content/Meshes/Main/Bld_Common_Window_C_Hollow.fbx
  artifactKey: Guid(0099668b36847254f8d1993f4b59a83a) Importer(815301076,1909f56bfc062723c751e8b465ee728b)
Start importing Assets/Sun_Temple/Content/Meshes/Main/Bld_Common_Window_C_Hollow.fbx using Guid(0099668b36847254f8d1993f4b59a83a) Importer(815301076,1909f56bfc062723c751e8b465ee728b) (PreviewImporter) -> (artifact id: 'dcaba39044aa0827c93cfddf0017abc3') in 0.0383877 seconds
Number of updated asset objects reloaded before import = 0Number of asset objects unloaded after import = 12

========================================================================
Received Import Request.
  Time since last request: 0.000028 seconds.
  path: Assets/Sun_Temple/Content/Meshes/Main/Bgr_ErrodedCliff_A.fbx
  artifactKey: Guid(61885c967a7713b4e894cfcac58a47fb) Importer(815301076,1909f56bfc062723c751e8b465ee728b)
Start importing Assets/Sun_Temple/Content/Meshes/Main/Bgr_ErrodedCliff_A.fbx using Guid(61885c967a7713b4e894cfcac58a47fb) Importer(815301076,1909f56bfc062723c751e8b465ee728b) (PreviewImporter) -> (artifact id: 'b0902baf9aad1dbfc95298c64ce5e4aa') in 0.2596611 seconds
Number of updated asset objects reloaded before import = 0Number of asset objects unloaded after import = 15

========================================================================
Received Import Request.
  Time since last request: 0.000022 seconds.
  path: Assets/Sun_Temple/Content/Meshes/Main/Bld_Common_Windowframe_A.fbx
  artifactKey: Guid(a019c68f4c5890749b6d384a34d6f7f8) Importer(815301076,1909f56bfc062723c751e8b465ee728b)
Start importing Assets/Sun_Temple/Content/Meshes/Main/Bld_Common_Windowframe_A.fbx using Guid(a019c68f4c5890749b6d384a34d6f7f8) Importer(815301076,1909f56bfc062723c751e8b465ee728b) (PreviewImporter) -> (artifact id: '61aa90216ee4111cfde9cffd0f380748') in 0.5974283 seconds
Number of updated asset objects reloaded before import = 0Number of asset objects unloaded after import = 26

========================================================================
Received Import Request.
  Time since last request: 0.002021 seconds.
  path: Assets/Sun_Temple/Content/Meshes/Main/Bld_Deco_DrainPipe_Top.fbx
  artifactKey: Guid(f7651e1c2aae3f84aa3eb3e9a984cbe2) Importer(815301076,1909f56bfc062723c751e8b465ee728b)
Start importing Assets/Sun_Temple/Content/Meshes/Main/Bld_Deco_DrainPipe_Top.fbx using Guid(f7651e1c2aae3f84aa3eb3e9a984cbe2) Importer(815301076,1909f56bfc062723c751e8b465ee728b) (PreviewImporter) -> (artifact id: '8e1990526103a417b8325b20c31a3efb') in 0.0327111 seconds
Number of updated asset objects reloaded before import = 0Number of asset objects unloaded after import = 13

========================================================================
Received Import Request.
  Time since last request: 0.000024 seconds.
  path: Assets/Sun_Temple/Content/Meshes/Main/Bld_Common_Window_F.fbx
  artifactKey: Guid(2978c9ce02b3cca45b2048bb4b16310c) Importer(815301076,1909f56bfc062723c751e8b465ee728b)
Start importing Assets/Sun_Temple/Content/Meshes/Main/Bld_Common_Window_F.fbx using Guid(2978c9ce02b3cca45b2048bb4b16310c) Importer(815301076,1909f56bfc062723c751e8b465ee728b) (PreviewImporter) -> (artifact id: '1664a797a7569439faba0a91a1f55b33') in 0.0294148 seconds
Number of updated asset objects reloaded before import = 0Number of asset objects unloaded after import = 13

========================================================================
Received Import Request.
  Time since last request: 0.000023 seconds.
  path: Assets/Sun_Temple/Content/Meshes/Main/Bld_Common_Windowframe_G.fbx
  artifactKey: Guid(cea23b63680ce214b946e2a1336f2489) Importer(815301076,1909f56bfc062723c751e8b465ee728b)
Start importing Assets/Sun_Temple/Content/Meshes/Main/Bld_Common_Windowframe_G.fbx using Guid(cea23b63680ce214b946e2a1336f2489) Importer(815301076,1909f56bfc062723c751e8b465ee728b) (PreviewImporter) -> (artifact id: 'c7588b64f0ea48b6fffd557c4e7b6d6b') in 0.0382261 seconds
Number of updated asset objects reloaded before import = 0Number of asset objects unloaded after import = 20

========================================================================
Received Import Request.
  Time since last request: 0.000033 seconds.
  path: Assets/Sun_Temple/Content/Meshes/Main/Bld_Common_Window_E.fbx
  artifactKey: Guid(856c4e7a44c15144c9e20b1f46eec623) Importer(815301076,1909f56bfc062723c751e8b465ee728b)
Start importing Assets/Sun_Temple/Content/Meshes/Main/Bld_Common_Window_E.fbx using Guid(856c4e7a44c15144c9e20b1f46eec623) Importer(815301076,1909f56bfc062723c751e8b465ee728b) (PreviewImporter) -> (artifact id: 'f735e79b50ea6cbe7e72b7c2df8dd17a') in 0.0307251 seconds
Number of updated asset objects reloaded before import = 0Number of asset objects unloaded after import = 13

========================================================================
Received Import Request.
  Time since last request: 0.000019 seconds.
  path: Assets/Sun_Temple/Content/Meshes/Main/Bld_Common_Window_A_Hollow.fbx
  artifactKey: Guid(e4478cbb3a7ee714fb75e2c35a8e5f78) Importer(815301076,1909f56bfc062723c751e8b465ee728b)
Start importing Assets/Sun_Temple/Content/Meshes/Main/Bld_Common_Window_A_Hollow.fbx using Guid(e4478cbb3a7ee714fb75e2c35a8e5f78) Importer(815301076,1909f56bfc062723c751e8b465ee728b) (PreviewImporter) -> (artifact id: '335a9c698adff43d578c6cef711dd05b') in 0.0296947 seconds
Number of updated asset objects reloaded before import = 0Number of asset objects unloaded after import = 12

========================================================================
Received Import Request.
  Time since last request: 0.000023 seconds.
  path: Assets/Sun_Temple/Content/Meshes/Main/Bld_Deco_MetalRibbon_A.fbx
  artifactKey: Guid(67115717a22969b49ac1dfd4ce00827a) Importer(815301076,1909f56bfc062723c751e8b465ee728b)
Start importing Assets/Sun_Temple/Content/Meshes/Main/Bld_Deco_MetalRibbon_A.fbx using Guid(67115717a22969b49ac1dfd4ce00827a) Importer(815301076,1909f56bfc062723c751e8b465ee728b) (PreviewImporter) -> (artifact id: 'c7028c9e2eeb14d7033fd66563e87f7b') in 0.3653782 seconds
Number of updated asset objects reloaded before import = 0Number of asset objects unloaded after import = 18

========================================================================
Received Import Request.
  Time since last request: 0.000024 seconds.
  path: Assets/Sun_Temple/Content/Meshes/Main/Bgr_MountainBase.fbx
  artifactKey: Guid(d51424e987ee8e246830ec6370d007da) Importer(815301076,1909f56bfc062723c751e8b465ee728b)
Start importing Assets/Sun_Temple/Content/Meshes/Main/Bgr_MountainBase.fbx using Guid(d51424e987ee8e246830ec6370d007da) Importer(815301076,1909f56bfc062723c751e8b465ee728b) (PreviewImporter) -> (artifact id: '2b2561a95bada5893b70beb0ae34d0e3') in 0.3965763 seconds
Number of updated asset objects reloaded before import = 0Number of asset objects unloaded after import = 15

========================================================================
Received Import Request.
  Time since last request: 0.000029 seconds.
  path: Assets/Sun_Temple/Content/Meshes/Main/Bld_Common_Windowframe_F.fbx
  artifactKey: Guid(5c8b3661cccb69347882070f23e1e07b) Importer(815301076,1909f56bfc062723c751e8b465ee728b)
Start importing Assets/Sun_Temple/Content/Meshes/Main/Bld_Common_Windowframe_F.fbx using Guid(5c8b3661cccb69347882070f23e1e07b) Importer(815301076,1909f56bfc062723c751e8b465ee728b) (PreviewImporter) -> (artifact id: 'db5b8c27fede73f24aea1b0ddf84a126') in 0.0412468 seconds
Number of updated asset objects reloaded before import = 0Number of asset objects unloaded after import = 26

========================================================================
Received Import Request.
  Time since last request: 0.000018 seconds.
  path: Assets/Sun_Temple/Content/Meshes/Main/Bld_Deco_Keyhole_A.fbx
  artifactKey: Guid(a2c1e84970fc3fd4da126560c72665af) Importer(815301076,1909f56bfc062723c751e8b465ee728b)
Start importing Assets/Sun_Temple/Content/Meshes/Main/Bld_Deco_Keyhole_A.fbx using Guid(a2c1e84970fc3fd4da126560c72665af) Importer(815301076,1909f56bfc062723c751e8b465ee728b) (PreviewImporter) -> (artifact id: '9dbc76f60677831ee031289f0fde6443') in 0.0289875 seconds
Number of updated asset objects reloaded before import = 0Number of asset objects unloaded after import = 14

========================================================================
Received Import Request.
  Time since last request: 0.000020 seconds.
  path: Assets/Sun_Temple/Content/Meshes/Main/Bld_Common_Door_A.fbx
  artifactKey: Guid(5d39bb03324242e4d9c188845331307b) Importer(815301076,1909f56bfc062723c751e8b465ee728b)
Start importing Assets/Sun_Temple/Content/Meshes/Main/Bld_Common_Door_A.fbx using Guid(5d39bb03324242e4d9c188845331307b) Importer(815301076,1909f56bfc062723c751e8b465ee728b) (PreviewImporter) -> (artifact id: 'ee583e133c86673186261a3433ff34a4') in 0.0356251 seconds
Number of updated asset objects reloaded before import = 0Number of asset objects unloaded after import = 19

========================================================================
Received Import Request.
  Time since last request: 0.000023 seconds.
  path: Assets/Sun_Temple/Content/Meshes/Main/Bld_Common_DoorFrame_A.fbx
  artifactKey: Guid(f06294a66fe61de42a62a159d0d020c8) Importer(815301076,1909f56bfc062723c751e8b465ee728b)
Start importing Assets/Sun_Temple/Content/Meshes/Main/Bld_Common_DoorFrame_A.fbx using Guid(f06294a66fe61de42a62a159d0d020c8) Importer(815301076,1909f56bfc062723c751e8b465ee728b) (PreviewImporter) -> (artifact id: '30005cff0b25947e37f88178db85e800') in 0.0280795 seconds
Number of updated asset objects reloaded before import = 0Number of asset objects unloaded after import = 14

========================================================================
Received Import Request.
  Time since last request: 0.000022 seconds.
  path: Assets/Sun_Temple/Content/Meshes/Main/Bgr_DistantBuildings_ScatterPlane.fbx
  artifactKey: Guid(692a891be4293664cb5527dfca9d622f) Importer(815301076,1909f56bfc062723c751e8b465ee728b)
Start importing Assets/Sun_Temple/Content/Meshes/Main/Bgr_DistantBuildings_ScatterPlane.fbx using Guid(692a891be4293664cb5527dfca9d622f) Importer(815301076,1909f56bfc062723c751e8b465ee728b) (PreviewImporter) -> (artifact id: '000946afc52214cb0043abf024d7b874') in 0.2892217 seconds
Number of updated asset objects reloaded before import = 0Number of asset objects unloaded after import = 10

========================================================================
Received Import Request.
  Time since last request: 0.000030 seconds.
  path: Assets/Sun_Temple/Content/Meshes/Main/Bld_Common_Window_C.fbx
  artifactKey: Guid(9252be1aaf6cb23458aa44172930e29d) Importer(815301076,1909f56bfc062723c751e8b465ee728b)
Start importing Assets/Sun_Temple/Content/Meshes/Main/Bld_Common_Window_C.fbx using Guid(9252be1aaf6cb23458aa44172930e29d) Importer(815301076,1909f56bfc062723c751e8b465ee728b) (PreviewImporter) -> (artifact id: '4656e8c4122256ea6629cc1135fc1f7d') in 0.0375768 seconds
Number of updated asset objects reloaded before import = 0Number of asset objects unloaded after import = 18

========================================================================
Received Import Request.
  Time since last request: 0.000078 seconds.
  path: Assets/Sun_Temple/Content/Meshes/Main/Bgr_Cloud_C.fbx
  artifactKey: Guid(045018d6d312b3947bd9f04340e69039) Importer(815301076,1909f56bfc062723c751e8b465ee728b)
Start importing Assets/Sun_Temple/Content/Meshes/Main/Bgr_Cloud_C.fbx using Guid(045018d6d312b3947bd9f04340e69039) Importer(815301076,1909f56bfc062723c751e8b465ee728b) (PreviewImporter) -> (artifact id: 'a22c5220a5f1048882fff2fdc78c8084') in 0.1398435 seconds
Number of updated asset objects reloaded before import = 0Number of asset objects unloaded after import = 12

========================================================================
Received Import Request.
  Time since last request: 0.000020 seconds.
  path: Assets/Sun_Temple/Content/Meshes/Main/Bgr_DistantBuilding_F.fbx
  artifactKey: Guid(29c3f862a79706d4294d2fd85f7037a7) Importer(815301076,1909f56bfc062723c751e8b465ee728b)
Start importing Assets/Sun_Temple/Content/Meshes/Main/Bgr_DistantBuilding_F.fbx using Guid(29c3f862a79706d4294d2fd85f7037a7) Importer(815301076,1909f56bfc062723c751e8b465ee728b) (PreviewImporter) -> (artifact id: '8396c2e1055a2ac1aecbd5ef1279c837') in 0.1944329 seconds
Number of updated asset objects reloaded before import = 0Number of asset objects unloaded after import = 9

========================================================================
Received Import Request.
  Time since last request: 0.000065 seconds.
  path: Assets/Sun_Temple/Content/Meshes/Main/Bld_Common_Door_Disabled_A.fbx
  artifactKey: Guid(5d2b17e4c4b638f42862a281e7066cbf) Importer(815301076,1909f56bfc062723c751e8b465ee728b)
Start importing Assets/Sun_Temple/Content/Meshes/Main/Bld_Common_Door_Disabled_A.fbx using Guid(5d2b17e4c4b638f42862a281e7066cbf) Importer(815301076,1909f56bfc062723c751e8b465ee728b) (PreviewImporter) -> (artifact id: '4e5c775169fe27977cb6e255ecb75532') in 0.0372433 seconds
Number of updated asset objects reloaded before import = 0Number of asset objects unloaded after import = 18

========================================================================
Received Import Request.
  Time since last request: 0.000030 seconds.
  path: Assets/Sun_Temple/Content/Meshes/Main/Bld_Common_Window_A.fbx
  artifactKey: Guid(42dbd16540c9c584d8dd01a6dd288110) Importer(815301076,1909f56bfc062723c751e8b465ee728b)
Start importing Assets/Sun_Temple/Content/Meshes/Main/Bld_Common_Window_A.fbx using Guid(42dbd16540c9c584d8dd01a6dd288110) Importer(815301076,1909f56bfc062723c751e8b465ee728b) (PreviewImporter) -> (artifact id: '1012af3e924224cc10065f861d1b88d8') in 0.0340782 seconds
Number of updated asset objects reloaded before import = 0Number of asset objects unloaded after import = 18

========================================================================
Received Import Request.
  Time since last request: 0.000025 seconds.
  path: Assets/Sun_Temple/Content/Meshes/Main/Bld_Common_Windowframe_B.fbx
  artifactKey: Guid(372ee8011a4f0ca4092db12322b9804b) Importer(815301076,1909f56bfc062723c751e8b465ee728b)
Start importing Assets/Sun_Temple/Content/Meshes/Main/Bld_Common_Windowframe_B.fbx using Guid(372ee8011a4f0ca4092db12322b9804b) Importer(815301076,1909f56bfc062723c751e8b465ee728b) (PreviewImporter) -> (artifact id: 'a6677f12cd60e724d16f81ea21355144') in 0.0433292 seconds
Number of updated asset objects reloaded before import = 0Number of asset objects unloaded after import = 26

========================================================================
Received Import Request.
  Time since last request: 0.000020 seconds.
  path: Assets/Sun_Temple/Content/Meshes/Main/Bld_Common_Window_E_Hollow.fbx
  artifactKey: Guid(cba2bb69efbf77241974cbedb0063200) Importer(815301076,1909f56bfc062723c751e8b465ee728b)
Start importing Assets/Sun_Temple/Content/Meshes/Main/Bld_Common_Window_E_Hollow.fbx using Guid(cba2bb69efbf77241974cbedb0063200) Importer(815301076,1909f56bfc062723c751e8b465ee728b) (PreviewImporter) -> (artifact id: 'c486295075083c7b2aa59eb7f5ef2948') in 0.0257577 seconds
Number of updated asset objects reloaded before import = 0Number of asset objects unloaded after import = 13

========================================================================
Received Import Request.
  Time since last request: 1.004944 seconds.
  path: Assets/Sun_Temple/Prefabs/Backgrounds/Bgr_Cloud_B.prefab
  artifactKey: Guid(d46985c54883d8e4284ddfb2b1541514) Importer(815301076,1909f56bfc062723c751e8b465ee728b)
Start importing Assets/Sun_Temple/Prefabs/Backgrounds/Bgr_Cloud_B.prefab using Guid(d46985c54883d8e4284ddfb2b1541514) Importer(815301076,1909f56bfc062723c751e8b465ee728b) (PreviewImporter) -> (artifact id: '8c045d02bf19f761215f16e8a81c340f') in 0.0336473 seconds
Number of updated asset objects reloaded before import = 0Number of asset objects unloaded after import = 12

========================================================================
Received Import Request.
  Time since last request: 0.000018 seconds.
  path: Assets/Sun_Temple/Prefabs/Backgrounds/Bgr_DistantBuilding_D.prefab
  artifactKey: Guid(f98f89b7c9a1c0b46a16401832df473b) Importer(815301076,1909f56bfc062723c751e8b465ee728b)
Start importing Assets/Sun_Temple/Prefabs/Backgrounds/Bgr_DistantBuilding_D.prefab using Guid(f98f89b7c9a1c0b46a16401832df473b) Importer(815301076,1909f56bfc062723c751e8b465ee728b) (PreviewImporter) -> (artifact id: '3f7866d3d483ca41442b01d0ef7c4bdd') in 0.0244539 seconds
Number of updated asset objects reloaded before import = 0Number of asset objects unloaded after import = 9

========================================================================
Received Import Request.
  Time since last request: 0.000021 seconds.
  path: Assets/Sun_Temple/Prefabs/Backgrounds/Bgr_DistantBuilding_F.prefab
  artifactKey: Guid(023aca4fc9b5aba4e9fa72157d226eee) Importer(815301076,1909f56bfc062723c751e8b465ee728b)
Start importing Assets/Sun_Temple/Prefabs/Backgrounds/Bgr_DistantBuilding_F.prefab using Guid(023aca4fc9b5aba4e9fa72157d226eee) Importer(815301076,1909f56bfc062723c751e8b465ee728b) (PreviewImporter) -> (artifact id: '742c7d5b9a54d0aaf35571becbf3ff08') in 0.0266776 seconds
Number of updated asset objects reloaded before import = 0Number of asset objects unloaded after import = 9

========================================================================
Received Import Request.
  Time since last request: 0.000146 seconds.
  path: Assets/Sun_Temple/Prefabs/Backgrounds/Bgr_Cloud_C.prefab
  artifactKey: Guid(55d7ebfdf8756a842a58321a8cae01d1) Importer(815301076,1909f56bfc062723c751e8b465ee728b)
Start importing Assets/Sun_Temple/Prefabs/Backgrounds/Bgr_Cloud_C.prefab using Guid(55d7ebfdf8756a842a58321a8cae01d1) Importer(815301076,1909f56bfc062723c751e8b465ee728b) (PreviewImporter) -> (artifact id: '3fc80f83522c260b2d35d9bed6d230cb') in 0.0240514 seconds
Number of updated asset objects reloaded before import = 0Number of asset objects unloaded after import = 12

========================================================================
Received Import Request.
  Time since last request: 0.000028 seconds.
  path: Assets/Sun_Temple/Prefabs/Backgrounds/Bgr_DistantBuilding_E.prefab
  artifactKey: Guid(842a495f707b9424382e87ed3e855291) Importer(815301076,1909f56bfc062723c751e8b465ee728b)
Start importing Assets/Sun_Temple/Prefabs/Backgrounds/Bgr_DistantBuilding_E.prefab using Guid(842a495f707b9424382e87ed3e855291) Importer(815301076,1909f56bfc062723c751e8b465ee728b) (PreviewImporter) -> (artifact id: '8521a2a149ce0b576faeddaa7c666724') in 0.0233699 seconds
Number of updated asset objects reloaded before import = 0Number of asset objects unloaded after import = 9

========================================================================
Received Import Request.
  Time since last request: 0.000024 seconds.
  path: Assets/Sun_Temple/Prefabs/Backgrounds/Bgr_DistantBuilding_A.prefab
  artifactKey: Guid(d3d29bae076863141abd17a27e8f0f5c) Importer(815301076,1909f56bfc062723c751e8b465ee728b)
Start importing Assets/Sun_Temple/Prefabs/Backgrounds/Bgr_DistantBuilding_A.prefab using Guid(d3d29bae076863141abd17a27e8f0f5c) Importer(815301076,1909f56bfc062723c751e8b465ee728b) (PreviewImporter) -> (artifact id: '0e34816bd2cd0357435438fc408d3617') in 0.0264566 seconds
Number of updated asset objects reloaded before import = 0Number of asset objects unloaded after import = 9

========================================================================
Received Import Request.
  Time since last request: 2.006203 seconds.
  path: Assets/Sun_Temple/Prefabs/Buildings_Prefabbed/Bld_FishingShack_A.prefab
  artifactKey: Guid(566d44db659135244bb747461939124c) Importer(815301076,1909f56bfc062723c751e8b465ee728b)
Start importing Assets/Sun_Temple/Prefabs/Buildings_Prefabbed/Bld_FishingShack_A.prefab using Guid(566d44db659135244bb747461939124c) Importer(815301076,1909f56bfc062723c751e8b465ee728b) (PreviewImporter) -> (artifact id: '79793cf7f04ad3b37339ae92fd669a84') in 0.3626853 seconds
Number of updated asset objects reloaded before import = 0Number of asset objects unloaded after import = 169

========================================================================
Received Import Request.
  Time since last request: 0.000031 seconds.
  path: Assets/Sun_Temple/Prefabs/Buildings_Prefabbed/Bld_Square_B.prefab
  artifactKey: Guid(2d4486064fe15d04e8c1636577f5093f) Importer(815301076,1909f56bfc062723c751e8b465ee728b)
Start importing Assets/Sun_Temple/Prefabs/Buildings_Prefabbed/Bld_Square_B.prefab using Guid(2d4486064fe15d04e8c1636577f5093f) Importer(815301076,1909f56bfc062723c751e8b465ee728b) (PreviewImporter) -> (artifact id: 'b3add1ae09ae4c05e16ef466865166f2') in 0.8417893 seconds
Number of updated asset objects reloaded before import = 0Number of asset objects unloaded after import = 521

========================================================================
Received Import Request.
  Time since last request: 0.000032 seconds.
  path: Assets/Sun_Temple/Prefabs/Buildings_Prefabbed/Bld_Medium_D.prefab
  artifactKey: Guid(54ac5b965bd68f94d8c922e237edf80c) Importer(815301076,1909f56bfc062723c751e8b465ee728b)
Start importing Assets/Sun_Temple/Prefabs/Buildings_Prefabbed/Bld_Medium_D.prefab using Guid(54ac5b965bd68f94d8c922e237edf80c) Importer(815301076,1909f56bfc062723c751e8b465ee728b) (PreviewImporter) -> (artifact id: 'aea196a1677f24f8922ee07a49d923a1') in 0.1591216 seconds
Number of updated asset objects reloaded before import = 0Number of asset objects unloaded after import = 529

========================================================================
Received Import Request.
  Time since last request: 0.000030 seconds.
  path: Assets/Sun_Temple/Prefabs/Buildings_Prefabbed/Bld_Medium_B_Interior_A.prefab
  artifactKey: Guid(b715b1a6b338fa04eb1708f2b76bc901) Importer(815301076,1909f56bfc062723c751e8b465ee728b)
Start importing Assets/Sun_Temple/Prefabs/Buildings_Prefabbed/Bld_Medium_B_Interior_A.prefab using Guid(b715b1a6b338fa04eb1708f2b76bc901) Importer(815301076,1909f56bfc062723c751e8b465ee728b) (PreviewImporter) -> (artifact id: 'a28fd012020e5f8fa6d90bf438c8d5dc') in 1.1642784 seconds
Number of updated asset objects reloaded before import = 0Number of asset objects unloaded after import = 2725

========================================================================
Received Import Request.
  Time since last request: 0.000044 seconds.
  path: Assets/Sun_Temple/Prefabs/Buildings_Prefabbed/Bld_Medium_C_Interior_A.prefab
  artifactKey: Guid(1a0ba17852dd86745ace6a84d64970d0) Importer(815301076,1909f56bfc062723c751e8b465ee728b)
Start importing Assets/Sun_Temple/Prefabs/Buildings_Prefabbed/Bld_Medium_C_Interior_A.prefab using Guid(1a0ba17852dd86745ace6a84d64970d0) Importer(815301076,1909f56bfc062723c751e8b465ee728b) (PreviewImporter) -> (artifact id: 'da598c39895f9bf5bbe03f4d6efb4983') in 0.2421824 seconds
Number of updated asset objects reloaded before import = 0Number of asset objects unloaded after import = 2328

========================================================================
Received Import Request.
  Time since last request: 0.000086 seconds.
  path: Assets/Sun_Temple/Prefabs/Buildings_Prefabbed/Bld_Rectangular_B_Hollow_A.prefab
  artifactKey: Guid(aac353a0c5613fa4fbdfffcd85b5d406) Importer(815301076,1909f56bfc062723c751e8b465ee728b)
Start importing Assets/Sun_Temple/Prefabs/Buildings_Prefabbed/Bld_Rectangular_B_Hollow_A.prefab using Guid(aac353a0c5613fa4fbdfffcd85b5d406) Importer(815301076,1909f56bfc062723c751e8b465ee728b) (PreviewImporter) -> (artifact id: '7a1848bf9cdd3c53d33a6a8a61dc0587') in 0.454281 seconds
Number of updated asset objects reloaded before import = 0Number of asset objects unloaded after import = 973

========================================================================
Received Import Request.
  Time since last request: 0.000071 seconds.
  path: Assets/Sun_Temple/Prefabs/Buildings_Prefabbed/Bld_Square_B_Interior_A.prefab
  artifactKey: Guid(794cc4e6a9ba6f247a55b1f4fdc1fd14) Importer(815301076,1909f56bfc062723c751e8b465ee728b)
Start importing Assets/Sun_Temple/Prefabs/Buildings_Prefabbed/Bld_Square_B_Interior_A.prefab using Guid(794cc4e6a9ba6f247a55b1f4fdc1fd14) Importer(815301076,1909f56bfc062723c751e8b465ee728b) (PreviewImporter) -> (artifact id: '96f907aa97bb26c158303a68f0adec3c') in 0.2873774 seconds
Number of updated asset objects reloaded before import = 0Number of asset objects unloaded after import = 2788

========================================================================
Received Import Request.
  Time since last request: 0.000061 seconds.
  path: Assets/Sun_Temple/Prefabs/Buildings_Prefabbed/Bld_Square_C_Hollow.prefab
  artifactKey: Guid(121f8bbe2707004469d31dd348fc4ea5) Importer(815301076,1909f56bfc062723c751e8b465ee728b)
Start importing Assets/Sun_Temple/Prefabs/Buildings_Prefabbed/Bld_Square_C_Hollow.prefab using Guid(121f8bbe2707004469d31dd348fc4ea5) Importer(815301076,1909f56bfc062723c751e8b465ee728b) (PreviewImporter) -> (artifact id: '7337883fa66c9462008e757c3810e0fd') in 0.1628156 seconds
Number of updated asset objects reloaded before import = 0Number of asset objects unloaded after import = 360

========================================================================
Received Import Request.
  Time since last request: 0.000040 seconds.
  path: Assets/Sun_Temple/Prefabs/Buildings_Prefabbed/Bld_LongTriangular_B.prefab
  artifactKey: Guid(626ac6087a8f1244fad2fa1116df77d7) Importer(815301076,1909f56bfc062723c751e8b465ee728b)
Start importing Assets/Sun_Temple/Prefabs/Buildings_Prefabbed/Bld_LongTriangular_B.prefab using Guid(626ac6087a8f1244fad2fa1116df77d7) Importer(815301076,1909f56bfc062723c751e8b465ee728b) (PreviewImporter) -> (artifact id: 'd1108812719643e779b3619fbd65ebe1') in 0.1715565 seconds
Number of updated asset objects reloaded before import = 0Number of asset objects unloaded after import = 399

========================================================================
Received Import Request.
  Time since last request: 0.000032 seconds.
  path: Assets/Sun_Temple/Prefabs/Buildings_Prefabbed/Bld_Tall_D_Interior_A.prefab
  artifactKey: Guid(e001c575caa793f459412087df5bd66d) Importer(815301076,1909f56bfc062723c751e8b465ee728b)
Start importing Assets/Sun_Temple/Prefabs/Buildings_Prefabbed/Bld_Tall_D_Interior_A.prefab using Guid(e001c575caa793f459412087df5bd66d) Importer(815301076,1909f56bfc062723c751e8b465ee728b) (PreviewImporter) -> (artifact id: '9c7aee17697553a745bcb514c2f9cbbc') in 0.3897072 seconds
Number of updated asset objects reloaded before import = 0Number of asset objects unloaded after import = 6653

========================================================================
Received Import Request.
  Time since last request: 0.000045 seconds.
  path: Assets/Sun_Temple/Prefabs/Buildings_Prefabbed/Bld_Medium_D_Hollow.prefab
  artifactKey: Guid(0fa7223d8ca8d9d41be3cfe23c085a00) Importer(815301076,1909f56bfc062723c751e8b465ee728b)
Start importing Assets/Sun_Temple/Prefabs/Buildings_Prefabbed/Bld_Medium_D_Hollow.prefab using Guid(0fa7223d8ca8d9d41be3cfe23c085a00) Importer(815301076,1909f56bfc062723c751e8b465ee728b) (PreviewImporter) -> (artifact id: '9dd3fdc66c620a03b68af039c2deb4fe') in 0.1667451 seconds
Number of updated asset objects reloaded before import = 0Number of asset objects unloaded after import = 458

========================================================================
Received Import Request.
  Time since last request: 0.000059 seconds.
  path: Assets/Sun_Temple/Prefabs/Natural
  artifactKey: Guid(7e2425f5d8e0b3f49962dd96ad61ca29) Importer(815301076,1909f56bfc062723c751e8b465ee728b)
Start importing Assets/Sun_Temple/Prefabs/Natural using Guid(7e2425f5d8e0b3f49962dd96ad61ca29) Importer(815301076,1909f56bfc062723c751e8b465ee728b) (PreviewImporter) -> (artifact id: '15217ba79c7db2993730cf61fe45ea64') in 0.0024959 seconds
Number of updated asset objects reloaded before import = 0Number of asset objects unloaded after import = 0

========================================================================
Received Import Request.
  Time since last request: 0.000117 seconds.
  path: Assets/Sun_Temple/Prefabs/Buildings_Prefabbed/Bld_Rectangular_B_Interior_A.prefab
  artifactKey: Guid(5e4ec2bbf6cff174bbde8650756051a8) Importer(815301076,1909f56bfc062723c751e8b465ee728b)
Start importing Assets/Sun_Temple/Prefabs/Buildings_Prefabbed/Bld_Rectangular_B_Interior_A.prefab using Guid(5e4ec2bbf6cff174bbde8650756051a8) Importer(815301076,1909f56bfc062723c751e8b465ee728b) (PreviewImporter) -> (artifact id: 'c5f69f7e4e5e99d477740bf02675ac88') in 0.326755 seconds
Number of updated asset objects reloaded before import = 0Number of asset objects unloaded after import = 5995

========================================================================
Received Import Request.
  Time since last request: 0.000031 seconds.
  path: Assets/Sun_Temple/Prefabs/Natural/Rock_Facing_C.prefab
  artifactKey: Guid(f79988866f189cd48b10e3f132af699e) Importer(815301076,1909f56bfc062723c751e8b465ee728b)
Start importing Assets/Sun_Temple/Prefabs/Natural/Rock_Facing_C.prefab using Guid(f79988866f189cd48b10e3f132af699e) Importer(815301076,1909f56bfc062723c751e8b465ee728b) (PreviewImporter) -> (artifact id: 'ead10b198b28cee22f331eab87237b01') in 0.0343692 seconds
Number of updated asset objects reloaded before import = 0Number of asset objects unloaded after import = 17

========================================================================
Received Import Request.
  Time since last request: 0.000032 seconds.
  path: Assets/Sun_Temple/Prefabs/Natural/Fol_BushFlower_E.prefab
  artifactKey: Guid(ef629b08278fbec449581d7d7c117394) Importer(815301076,1909f56bfc062723c751e8b465ee728b)
Start importing Assets/Sun_Temple/Prefabs/Natural/Fol_BushFlower_E.prefab using Guid(ef629b08278fbec449581d7d7c117394) Importer(815301076,1909f56bfc062723c751e8b465ee728b) (PreviewImporter) -> (artifact id: '024fecb3e13d89efbbee6a49b3ca07fe') in 0.0200039 seconds
Number of updated asset objects reloaded before import = 0Number of asset objects unloaded after import = 9

========================================================================
Received Import Request.
  Time since last request: 0.000019 seconds.
  path: Assets/Sun_Temple/Prefabs/Natural/Prop_Stone_Grouped_E.prefab
  artifactKey: Guid(aa7ef19d059c6a248ad092ef15c7f17c) Importer(815301076,1909f56bfc062723c751e8b465ee728b)
Start importing Assets/Sun_Temple/Prefabs/Natural/Prop_Stone_Grouped_E.prefab using Guid(aa7ef19d059c6a248ad092ef15c7f17c) Importer(815301076,1909f56bfc062723c751e8b465ee728b) (PreviewImporter) -> (artifact id: '85aaa24c12975468eee43dc9339f1d7c') in 0.0265973 seconds
Number of updated asset objects reloaded before import = 0Number of asset objects unloaded after import = 50

========================================================================
Received Import Request.
  Time since last request: 0.000022 seconds.
  path: Assets/Sun_Temple/Prefabs/Natural/Rock_Long.prefab
  artifactKey: Guid(f4446ed5efdd3094eb3baaec9320b5d2) Importer(815301076,1909f56bfc062723c751e8b465ee728b)
Start importing Assets/Sun_Temple/Prefabs/Natural/Rock_Long.prefab using Guid(f4446ed5efdd3094eb3baaec9320b5d2) Importer(815301076,1909f56bfc062723c751e8b465ee728b) (PreviewImporter) -> (artifact id: 'ed8898a0b072a1b9951b0c69fac690e4') in 0.0334021 seconds
Number of updated asset objects reloaded before import = 0Number of asset objects unloaded after import = 16

========================================================================
Received Import Request.
  Time since last request: 0.000027 seconds.
  path: Assets/Sun_Temple/Prefabs/Natural/Prop_Stone_Med_A.prefab
  artifactKey: Guid(755348ff6780ec84fbf08c90e01e56d7) Importer(815301076,1909f56bfc062723c751e8b465ee728b)
Start importing Assets/Sun_Temple/Prefabs/Natural/Prop_Stone_Med_A.prefab using Guid(755348ff6780ec84fbf08c90e01e56d7) Importer(815301076,1909f56bfc062723c751e8b465ee728b) (PreviewImporter) -> (artifact id: 'aac056989c6221dd5c52076e91219b86') in 0.0299459 seconds
Number of updated asset objects reloaded before import = 0Number of asset objects unloaded after import = 18

========================================================================
Received Import Request.
  Time since last request: 0.000034 seconds.
  path: Assets/Sun_Temple/Prefabs/Natural/Fol_TallTree_B.prefab
  artifactKey: Guid(5b77b06c0bf347741a068b5fe1acf09f) Importer(815301076,1909f56bfc062723c751e8b465ee728b)
Start importing Assets/Sun_Temple/Prefabs/Natural/Fol_TallTree_B.prefab using Guid(5b77b06c0bf347741a068b5fe1acf09f) Importer(815301076,1909f56bfc062723c751e8b465ee728b) (PreviewImporter) -> (artifact id: 'd6396a1bac280f93c990cdd92d4f2cc1') in 0.0211953 seconds
Number of updated asset objects reloaded before import = 0Number of asset objects unloaded after import = 16

========================================================================
Received Import Request.
  Time since last request: 0.000020 seconds.
  path: Assets/Sun_Temple/Prefabs/Natural/Fol_WindowFlowers_A.prefab
  artifactKey: Guid(fe17733038118a141a1ffae5e16481a7) Importer(815301076,1909f56bfc062723c751e8b465ee728b)
Start importing Assets/Sun_Temple/Prefabs/Natural/Fol_WindowFlowers_A.prefab using Guid(fe17733038118a141a1ffae5e16481a7) Importer(815301076,1909f56bfc062723c751e8b465ee728b) (PreviewImporter) -> (artifact id: '2245c39d407f82c39186f5f4ddcce0c4') in 0.0204213 seconds
Number of updated asset objects reloaded before import = 0Number of asset objects unloaded after import = 22

========================================================================
Received Import Request.
  Time since last request: 0.000029 seconds.
  path: Assets/Sun_Temple/Prefabs/Natural/Prop_Stone_Grouped_D.prefab
  artifactKey: Guid(8c2876b9634d14f44b41570e2fc0a18f) Importer(815301076,1909f56bfc062723c751e8b465ee728b)
Start importing Assets/Sun_Temple/Prefabs/Natural/Prop_Stone_Grouped_D.prefab using Guid(8c2876b9634d14f44b41570e2fc0a18f) Importer(815301076,1909f56bfc062723c751e8b465ee728b) (PreviewImporter) -> (artifact id: '3166db4d1be141aef5646346f112d4b2') in 0.0293636 seconds
Number of updated asset objects reloaded before import = 0Number of asset objects unloaded after import = 50

========================================================================
Received Import Request.
  Time since last request: 0.000093 seconds.
  path: Assets/Sun_Temple/Prefabs/Natural/Bgr_Cliff_A_Simplified.prefab
  artifactKey: Guid(d50f31ceb9c2fce48912fb7a0ad5ce2a) Importer(815301076,1909f56bfc062723c751e8b465ee728b)
Start importing Assets/Sun_Temple/Prefabs/Natural/Bgr_Cliff_A_Simplified.prefab using Guid(d50f31ceb9c2fce48912fb7a0ad5ce2a) Importer(815301076,1909f56bfc062723c751e8b465ee728b) (PreviewImporter) -> (artifact id: '5866d3d07a3f5a4ecd21e5ab5f8bbdee') in 0.0398556 seconds
Number of updated asset objects reloaded before import = 0Number of asset objects unloaded after import = 16

========================================================================
Received Import Request.
  Time since last request: 0.000047 seconds.
  path: Assets/Sun_Temple/Prefabs/Natural/Fol_BushFlower_E_Grouped.prefab
  artifactKey: Guid(e15f8c99798792b44afa6b6a8548d7ec) Importer(815301076,1909f56bfc062723c751e8b465ee728b)
Start importing Assets/Sun_Temple/Prefabs/Natural/Fol_BushFlower_E_Grouped.prefab using Guid(e15f8c99798792b44afa6b6a8548d7ec) Importer(815301076,1909f56bfc062723c751e8b465ee728b) (PreviewImporter) -> (artifact id: '74c457f6cd3966dd02d2d5bdc5e826cc') in 0.0189504 seconds
Number of updated asset objects reloaded before import = 0Number of asset objects unloaded after import = 33

========================================================================
Received Import Request.
  Time since last request: 0.000020 seconds.
  path: Assets/Sun_Temple/Prefabs/Natural/Prop_Stone_Small_B.prefab
  artifactKey: Guid(da59dcaff62670341ac75723884c09ed) Importer(815301076,1909f56bfc062723c751e8b465ee728b)
Start importing Assets/Sun_Temple/Prefabs/Natural/Prop_Stone_Small_B.prefab using Guid(da59dcaff62670341ac75723884c09ed) Importer(815301076,1909f56bfc062723c751e8b465ee728b) (PreviewImporter) -> (artifact id: 'ac00512a3b764f5d89fd947406ffdcc6') in 0.025256 seconds
Number of updated asset objects reloaded before import = 0Number of asset objects unloaded after import = 17

========================================================================
Received Import Request.
  Time since last request: 0.000017 seconds.
  path: Assets/Sun_Temple/Prefabs/Natural/Rock_Facing_B.prefab
  artifactKey: Guid(e8cce52ba9f565b4c80206ce9c825247) Importer(815301076,1909f56bfc062723c751e8b465ee728b)
Start importing Assets/Sun_Temple/Prefabs/Natural/Rock_Facing_B.prefab using Guid(e8cce52ba9f565b4c80206ce9c825247) Importer(815301076,1909f56bfc062723c751e8b465ee728b) (PreviewImporter) -> (artifact id: 'deeedebec7771a96b094f0099bd1b83c') in 0.0337894 seconds
Number of updated asset objects reloaded before import = 0Number of asset objects unloaded after import = 17

========================================================================
Received Import Request.
  Time since last request: 0.000025 seconds.
  path: Assets/Sun_Temple/Prefabs/Natural/Rock_Facing_A.prefab
  artifactKey: Guid(3442f9a851a81a04598a3be27c08dc35) Importer(815301076,1909f56bfc062723c751e8b465ee728b)
Start importing Assets/Sun_Temple/Prefabs/Natural/Rock_Facing_A.prefab using Guid(3442f9a851a81a04598a3be27c08dc35) Importer(815301076,1909f56bfc062723c751e8b465ee728b) (PreviewImporter) -> (artifact id: '37238022caf1d59eab5962ea64ae41a6') in 0.0357883 seconds
Number of updated asset objects reloaded before import = 0Number of asset objects unloaded after import = 17

========================================================================
Received Import Request.
  Time since last request: 0.000035 seconds.
  path: Assets/Sun_Temple/Prefabs/Natural/Prop_Stone_Grouped_B.prefab
  artifactKey: Guid(fe40cc7ca22d49c499b975cb6aeb09e1) Importer(815301076,1909f56bfc062723c751e8b465ee728b)
Start importing Assets/Sun_Temple/Prefabs/Natural/Prop_Stone_Grouped_B.prefab using Guid(fe40cc7ca22d49c499b975cb6aeb09e1) Importer(815301076,1909f56bfc062723c751e8b465ee728b) (PreviewImporter) -> (artifact id: '58764ac1189bbf2e2b84e6874e457b6f') in 0.0343078 seconds
Number of updated asset objects reloaded before import = 0Number of asset objects unloaded after import = 91

========================================================================
Received Import Request.
  Time since last request: 0.000020 seconds.
  path: Assets/Sun_Temple/Prefabs/Natural/Prop_Stone_Small_A.prefab
  artifactKey: Guid(d7fdc5550ad8eba48bdc1cc9d6a80707) Importer(815301076,1909f56bfc062723c751e8b465ee728b)
Start importing Assets/Sun_Temple/Prefabs/Natural/Prop_Stone_Small_A.prefab using Guid(d7fdc5550ad8eba48bdc1cc9d6a80707) Importer(815301076,1909f56bfc062723c751e8b465ee728b) (PreviewImporter) -> (artifact id: 'ecec23b98850a3ea7662d10d5a273d5c') in 0.0255915 seconds
Number of updated asset objects reloaded before import = 0Number of asset objects unloaded after import = 17

========================================================================
Received Import Request.
  Time since last request: 0.000022 seconds.
  path: Assets/Sun_Temple/Prefabs/Natural/Fol_Bush_A.prefab
  artifactKey: Guid(063f88761ae7bde4d8cd7149d0f9edda) Importer(815301076,1909f56bfc062723c751e8b465ee728b)
Start importing Assets/Sun_Temple/Prefabs/Natural/Fol_Bush_A.prefab using Guid(063f88761ae7bde4d8cd7149d0f9edda) Importer(815301076,1909f56bfc062723c751e8b465ee728b) (PreviewImporter) -> (artifact id: '1af9cec980e7444d0218cc7d41432257') in 0.0196852 seconds
Number of updated asset objects reloaded before import = 0Number of asset objects unloaded after import = 9

========================================================================
Received Import Request.
  Time since last request: 0.000025 seconds.
  path: Assets/Sun_Temple/Prefabs/Buildings_Prefabbed/Bld_Temple_WithLOD.prefab
  artifactKey: Guid(7ba2845aa97948a4b8bee3a62a942ab2) Importer(815301076,1909f56bfc062723c751e8b465ee728b)
Start importing Assets/Sun_Temple/Prefabs/Buildings_Prefabbed/Bld_Temple_WithLOD.prefab using Guid(7ba2845aa97948a4b8bee3a62a942ab2) Importer(815301076,1909f56bfc062723c751e8b465ee728b) (PreviewImporter) -> (artifact id: '2315ce721185c2642243a8118aa8cb24') in 0.8490583 seconds
Number of updated asset objects reloaded before import = 0Number of asset objects unloaded after import = 13725

========================================================================
Received Import Request.
  Time since last request: 0.716144 seconds.
  path: Assets/Sun_Temple/Prefabs/Props/Prop_Apple_B.prefab
  artifactKey: Guid(94097daf6c955804c828fd917409cc49) Importer(815301076,1909f56bfc062723c751e8b465ee728b)
Start importing Assets/Sun_Temple/Prefabs/Props/Prop_Apple_B.prefab using Guid(94097daf6c955804c828fd917409cc49) Importer(815301076,1909f56bfc062723c751e8b465ee728b) (PreviewImporter) -> (artifact id: '4261238afa01dc3886c1c7acec94100f') in 0.0166159 seconds
Number of updated asset objects reloaded before import = 0Number of asset objects unloaded after import = 10

========================================================================
Received Import Request.
  Time since last request: 0.000036 seconds.
  path: Assets/Sun_Temple/Prefabs/Props/Prop_Beehive_Grouped_A.prefab
  artifactKey: Guid(aacb7ece7a131ee4cb1d6cdfcf8c45eb) Importer(815301076,1909f56bfc062723c751e8b465ee728b)
Start importing Assets/Sun_Temple/Prefabs/Props/Prop_Beehive_Grouped_A.prefab using Guid(aacb7ece7a131ee4cb1d6cdfcf8c45eb) Importer(815301076,1909f56bfc062723c751e8b465ee728b) (PreviewImporter) -> (artifact id: '1356f8d7b1f7f23295e3f629866a590a') in 0.0326721 seconds
Number of updated asset objects reloaded before import = 0Number of asset objects unloaded after import = 61

========================================================================
Received Import Request.
  Time since last request: 0.000017 seconds.
  path: Assets/Sun_Temple/Prefabs/Props/Prop_Beehive_B.prefab
  artifactKey: Guid(2f0f97e3ed8d4a947b5d77e0ccbb6156) Importer(815301076,1909f56bfc062723c751e8b465ee728b)
Start importing Assets/Sun_Temple/Prefabs/Props/Prop_Beehive_B.prefab using Guid(2f0f97e3ed8d4a947b5d77e0ccbb6156) Importer(815301076,1909f56bfc062723c751e8b465ee728b) (PreviewImporter) -> (artifact id: '6aa075fea43b087b12368f22ece9ac17') in 0.0359689 seconds
Number of updated asset objects reloaded before import = 0Number of asset objects unloaded after import = 33

========================================================================
Received Import Request.
  Time since last request: 0.000017 seconds.
  path: Assets/Sun_Temple/Prefabs/Props/Prop_ClayPot_F.prefab
  artifactKey: Guid(89f871beb43a33444a37c8dad67ebfaf) Importer(815301076,1909f56bfc062723c751e8b465ee728b)
Start importing Assets/Sun_Temple/Prefabs/Props/Prop_ClayPot_F.prefab using Guid(89f871beb43a33444a37c8dad67ebfaf) Importer(815301076,1909f56bfc062723c751e8b465ee728b) (PreviewImporter) -> (artifact id: '9b2a26cc63db51daf4068dd80ce65b16') in 0.0203198 seconds
Number of updated asset objects reloaded before import = 0Number of asset objects unloaded after import = 14

========================================================================
Received Import Request.
  Time since last request: 0.000023 seconds.
  path: Assets/Sun_Temple/Prefabs/Props/Prop_Book_C.prefab
  artifactKey: Guid(4ef0057927ac41f48889129a7aba92d8) Importer(815301076,1909f56bfc062723c751e8b465ee728b)
Start importing Assets/Sun_Temple/Prefabs/Props/Prop_Book_C.prefab using Guid(4ef0057927ac41f48889129a7aba92d8) Importer(815301076,1909f56bfc062723c751e8b465ee728b) (PreviewImporter) -> (artifact id: 'd0e7d00f47deb2219ad4587a3772d5e5') in 0.0179145 seconds
Number of updated asset objects reloaded before import = 0Number of asset objects unloaded after import = 9

========================================================================
Received Import Request.
  Time since last request: 0.000037 seconds.
  path: Assets/Sun_Temple/Prefabs/Props/Prop_ButterChurn_A.prefab
  artifactKey: Guid(4ee8da8f1bb0b234089ff1684b556080) Importer(815301076,1909f56bfc062723c751e8b465ee728b)
Start importing Assets/Sun_Temple/Prefabs/Props/Prop_ButterChurn_A.prefab using Guid(4ee8da8f1bb0b234089ff1684b556080) Importer(815301076,1909f56bfc062723c751e8b465ee728b) (PreviewImporter) -> (artifact id: '1346bec15be30c9c5369dbc800ebc09b') in 0.0289717 seconds
Number of updated asset objects reloaded before import = 0Number of asset objects unloaded after import = 25

========================================================================
Received Import Request.
  Time since last request: 0.000018 seconds.
  path: Assets/Sun_Temple/Prefabs/Props/Prop_BarrelCrates_A.prefab
  artifactKey: Guid(68e5bfaf6b36f74439e318fbf0158885) Importer(815301076,1909f56bfc062723c751e8b465ee728b)
Start importing Assets/Sun_Temple/Prefabs/Props/Prop_BarrelCrates_A.prefab using Guid(68e5bfaf6b36f74439e318fbf0158885) Importer(815301076,1909f56bfc062723c751e8b465ee728b) (PreviewImporter) -> (artifact id: 'db12d98da4562db8bc5fab669bf21c51') in 0.0329776 seconds
Number of updated asset objects reloaded before import = 0Number of asset objects unloaded after import = 46

========================================================================
Received Import Request.
  Time since last request: 0.000020 seconds.
  path: Assets/Sun_Temple/Prefabs/Props/Prop_BookCase_A.prefab
  artifactKey: Guid(0db4603a37a6beb4ab919580fb219033) Importer(815301076,1909f56bfc062723c751e8b465ee728b)
Start importing Assets/Sun_Temple/Prefabs/Props/Prop_BookCase_A.prefab using Guid(0db4603a37a6beb4ab919580fb219033) Importer(815301076,1909f56bfc062723c751e8b465ee728b) (PreviewImporter) -> (artifact id: 'dfd3f4372eed48047be3163ababf50f6') in 0.0270143 seconds
Number of updated asset objects reloaded before import = 0Number of asset objects unloaded after import = 143

========================================================================
Received Import Request.
  Time since last request: 0.000015 seconds.
  path: Assets/Sun_Temple/Prefabs/Props/Prop_Book_A.prefab
  artifactKey: Guid(fb6d61d7e07b15b40bfcb7848c5b0807) Importer(815301076,1909f56bfc062723c751e8b465ee728b)
Start importing Assets/Sun_Temple/Prefabs/Props/Prop_Book_A.prefab using Guid(fb6d61d7e07b15b40bfcb7848c5b0807) Importer(815301076,1909f56bfc062723c751e8b465ee728b) (PreviewImporter) -> (artifact id: '4141a7ccf632ba1ec395dce0e853bbc2') in 0.0173091 seconds
Number of updated asset objects reloaded before import = 0Number of asset objects unloaded after import = 9

========================================================================
Received Import Request.
  Time since last request: 0.000301 seconds.
  path: Assets/Sun_Temple/Prefabs/Props/Prop_ClothPiece_C.prefab
  artifactKey: Guid(896bdabf12916d64dae6a83b30bf8d2a) Importer(815301076,1909f56bfc062723c751e8b465ee728b)
Start importing Assets/Sun_Temple/Prefabs/Props/Prop_ClothPiece_C.prefab using Guid(896bdabf12916d64dae6a83b30bf8d2a) Importer(815301076,1909f56bfc062723c751e8b465ee728b) (PreviewImporter) -> (artifact id: '33637c36e566bc565ea7c777ad1f116b') in 0.0196394 seconds
Number of updated asset objects reloaded before import = 0Number of asset objects unloaded after import = 11

========================================================================
Received Import Request.
  Time since last request: 0.000019 seconds.
  path: Assets/Sun_Temple/Prefabs/Props/Prop_BookCase_D.prefab
  artifactKey: Guid(54b56c90e9469cb478745bbb2779588f) Importer(815301076,1909f56bfc062723c751e8b465ee728b)
Start importing Assets/Sun_Temple/Prefabs/Props/Prop_BookCase_D.prefab using Guid(54b56c90e9469cb478745bbb2779588f) Importer(815301076,1909f56bfc062723c751e8b465ee728b) (PreviewImporter) -> (artifact id: 'd02698b53c0505d43f128cd2d336bb30') in 0.0266798 seconds
Number of updated asset objects reloaded before import = 0Number of asset objects unloaded after import = 252

========================================================================
Received Import Request.
  Time since last request: 0.000031 seconds.
  path: Assets/Sun_Temple/Prefabs/Props/Prop_Chair_B.prefab
  artifactKey: Guid(69325d91e0b2d1741b36188e1c5df9ed) Importer(815301076,1909f56bfc062723c751e8b465ee728b)
Start importing Assets/Sun_Temple/Prefabs/Props/Prop_Chair_B.prefab using Guid(69325d91e0b2d1741b36188e1c5df9ed) Importer(815301076,1909f56bfc062723c751e8b465ee728b) (PreviewImporter) -> (artifact id: '9d0c486815cf50b991b1a473bc78c2a5') in 0.0261013 seconds
Number of updated asset objects reloaded before import = 0Number of asset objects unloaded after import = 27

========================================================================
Received Import Request.
  Time since last request: 0.000024 seconds.
  path: Assets/Sun_Temple/Prefabs/Props/Prop_BookCase_C.prefab
  artifactKey: Guid(dec6ef9c11a3dc842958b7ff60db1625) Importer(815301076,1909f56bfc062723c751e8b465ee728b)
Start importing Assets/Sun_Temple/Prefabs/Props/Prop_BookCase_C.prefab using Guid(dec6ef9c11a3dc842958b7ff60db1625) Importer(815301076,1909f56bfc062723c751e8b465ee728b) (PreviewImporter) -> (artifact id: 'cc33ac7d9bf4b06639b1a3d7a0109161') in 0.0292185 seconds
Number of updated asset objects reloaded before import = 0Number of asset objects unloaded after import = 186

========================================================================
Received Import Request.
  Time since last request: 0.000021 seconds.
  path: Assets/Sun_Temple/Prefabs/Props/Prop_BarrelCrates_B.prefab
  artifactKey: Guid(7d01636ed42dd63498cfe4732f612b5f) Importer(815301076,1909f56bfc062723c751e8b465ee728b)
Start importing Assets/Sun_Temple/Prefabs/Props/Prop_BarrelCrates_B.prefab using Guid(7d01636ed42dd63498cfe4732f612b5f) Importer(815301076,1909f56bfc062723c751e8b465ee728b) (PreviewImporter) -> (artifact id: 'f7208810f67e11ef94406349f67f60a1') in 0.0330883 seconds
Number of updated asset objects reloaded before import = 0Number of asset objects unloaded after import = 41

========================================================================
Received Import Request.
  Time since last request: 0.000040 seconds.
  path: Assets/Sun_Temple/Prefabs/Props/Prop_BookStash_A.prefab
  artifactKey: Guid(c7478685ee6ca0f4cbc80661cd762a56) Importer(815301076,1909f56bfc062723c751e8b465ee728b)
Start importing Assets/Sun_Temple/Prefabs/Props/Prop_BookStash_A.prefab using Guid(c7478685ee6ca0f4cbc80661cd762a56) Importer(815301076,1909f56bfc062723c751e8b465ee728b) (PreviewImporter) -> (artifact id: 'a2cca32f8f1ee7643e10f239919c1402') in 0.0165102 seconds
Number of updated asset objects reloaded before import = 0Number of asset objects unloaded after import = 26

========================================================================
Received Import Request.
  Time since last request: 0.000014 seconds.
  path: Assets/Sun_Temple/Prefabs/Props/Prop_Chandelier_A.prefab
  artifactKey: Guid(c53df295380d54a4f92ef01150e3917c) Importer(815301076,1909f56bfc062723c751e8b465ee728b)
Start importing Assets/Sun_Temple/Prefabs/Props/Prop_Chandelier_A.prefab using Guid(c53df295380d54a4f92ef01150e3917c) Importer(815301076,1909f56bfc062723c751e8b465ee728b) (PreviewImporter) -> (artifact id: '8b15b90af8b934867a6235bf4769de65') in 0.0319852 seconds
Number of updated asset objects reloaded before import = 0Number of asset objects unloaded after import = 57

========================================================================
Received Import Request.
  Time since last request: 0.000018 seconds.
  path: Assets/Sun_Temple/Prefabs/Props/Prop_Beehive_Grouped_B.prefab
  artifactKey: Guid(a47d1752f3b27574ab731d98411a1f56) Importer(815301076,1909f56bfc062723c751e8b465ee728b)
Start importing Assets/Sun_Temple/Prefabs/Props/Prop_Beehive_Grouped_B.prefab using Guid(a47d1752f3b27574ab731d98411a1f56) Importer(815301076,1909f56bfc062723c751e8b465ee728b) (PreviewImporter) -> (artifact id: 'fb8d5767c38f308af01a1dd50b3cf4c4') in 0.0350776 seconds
Number of updated asset objects reloaded before import = 0Number of asset objects unloaded after import = 52

========================================================================
Received Import Request.
  Time since last request: 0.000028 seconds.
  path: Assets/Sun_Temple/Prefabs/Props/Prop_Cabbage_A.prefab
  artifactKey: Guid(1694351d82ce43f48a137cc994b3faeb) Importer(815301076,1909f56bfc062723c751e8b465ee728b)
Start importing Assets/Sun_Temple/Prefabs/Props/Prop_Cabbage_A.prefab using Guid(1694351d82ce43f48a137cc994b3faeb) Importer(815301076,1909f56bfc062723c751e8b465ee728b) (PreviewImporter) -> (artifact id: 'fa2e13e92dc8f07e7fb689fb37107172') in 0.0176362 seconds
Number of updated asset objects reloaded before import = 0Number of asset objects unloaded after import = 10

========================================================================
Received Import Request.
  Time since last request: 0.000019 seconds.
  path: Assets/Sun_Temple/Prefabs/Props/Prop_ClothPiece_B.prefab
  artifactKey: Guid(83d94a6f4ce3f6844bcdbd3f8de3762f) Importer(815301076,1909f56bfc062723c751e8b465ee728b)
Start importing Assets/Sun_Temple/Prefabs/Props/Prop_ClothPiece_B.prefab using Guid(83d94a6f4ce3f6844bcdbd3f8de3762f) Importer(815301076,1909f56bfc062723c751e8b465ee728b) (PreviewImporter) -> (artifact id: 'a6661547b7c442bc5222cb95cb1f1168') in 0.0177178 seconds
Number of updated asset objects reloaded before import = 0Number of asset objects unloaded after import = 11

========================================================================
Received Import Request.
  Time since last request: 0.000021 seconds.
  path: Assets/Sun_Temple/Prefabs/Props/Prop_BookStash_B.prefab
  artifactKey: Guid(866344a53a20a054786963dcd6c81008) Importer(815301076,1909f56bfc062723c751e8b465ee728b)
Start importing Assets/Sun_Temple/Prefabs/Props/Prop_BookStash_B.prefab using Guid(866344a53a20a054786963dcd6c81008) Importer(815301076,1909f56bfc062723c751e8b465ee728b) (PreviewImporter) -> (artifact id: '64abb4762d191b9c9fc2c59741e68e0e') in 0.0167937 seconds
Number of updated asset objects reloaded before import = 0Number of asset objects unloaded after import = 24

========================================================================
Received Import Request.
  Time since last request: 0.000030 seconds.
  path: Assets/Sun_Temple/Prefabs/Props/Prop_ClayPot_E.prefab
  artifactKey: Guid(88577733712416840818a91fc11e7aa6) Importer(815301076,1909f56bfc062723c751e8b465ee728b)
Start importing Assets/Sun_Temple/Prefabs/Props/Prop_ClayPot_E.prefab using Guid(88577733712416840818a91fc11e7aa6) Importer(815301076,1909f56bfc062723c751e8b465ee728b) (PreviewImporter) -> (artifact id: 'fa93e62f8a40a5c6e3a893782363d74c') in 0.0211393 seconds
Number of updated asset objects reloaded before import = 0Number of asset objects unloaded after import = 18

